<?xml version="1.0" encoding="UTF-8"?>
<!-- Generated by org.testng.reporters.JUnitReportReporter -->
<testsuite skipped="0" hostname="AB-noori" name="util.BrowserFactory" tests="1" failures="0" timestamp="2022-03-09T00:18:51 CST" time="2.925" errors="0">
  <testcase name="init" time="2.925" classname="util.BrowserFactory"/>
  <system-out/>
</testsuite> <!-- util.BrowserFactory -->
