<?xml version="1.0" encoding="UTF-8"?>
<!-- Generated by org.testng.reporters.JUnitReportReporter -->
<testsuite skipped="0" hostname="AB-noori" name="test.LoginTest" tests="1" failures="0" timestamp="10 Mar 2022 03:40:08 GMT" time="2.987" errors="0">
  <testcase name="testLogin" time="2.987" classname="test.LoginTest"/>
</testsuite> <!-- test.LoginTest -->
